<?xml version="1.0" encoding="UTF-8"?>
<!-- Generated by org.testng.reporters.JUnitReportReporter -->
<testsuite skipped="0" hostname="IMCBBCP54-BLL" name="putRequest" tests="2" failures="0" timestamp="2022-04-22T12:01:03 IST" time="4.287" errors="0">
  <testcase name="patchTest_01" time="2.874" classname="putRequest"/>
  <system-out/>
  <testcase name="putTest_01" time="1.413" classname="putRequest"/>
  <system-out/>
</testsuite> <!-- putRequest -->
