<?xml version="1.0" encoding="UTF-8"?>
<!-- Generated by org.testng.reporters.JUnitReportReporter -->
<testsuite skipped="0" hostname="IMCBBCP54-BLL" name="deleteRequest" tests="1" failures="0" timestamp="2022-04-22T12:05:14 IST" time="2.768" errors="0">
  <testcase name="patchTest_01" time="2.768" classname="deleteRequest"/>
  <system-out/>
</testsuite> <!-- deleteRequest -->
