<?xml version="1.0" encoding="UTF-8"?>
<!-- Generated by org.testng.reporters.JUnitReportReporter -->
<testsuite skipped="0" hostname="IMCBBCP54-BLL" name="getRequest" tests="2" failures="0" timestamp="2022-04-21T18:26:45 IST" time="7.023" errors="0">
  <testcase name="test_02" time="2.945" classname="getRequest"/>
  <system-out/>
  <testcase name="test_01" time="4.078" classname="getRequest"/>
  <system-out/>
</testsuite> <!-- getRequest -->
