<?xml version="1.0" encoding="UTF-8"?>
<!-- Generated by org.testng.reporters.JUnitReportReporter -->
<testsuite skipped="0" hostname="IMCBBCP54-BLL" name="getRequest_01" tests="1" failures="0" timestamp="2022-04-28T12:58:04 IST" time="3.075" errors="0">
  <testcase name="Test_01" time="3.075" classname="getRequest_01"/>
  <system-out/>
</testsuite> <!-- getRequest_01 -->
