<?xml version="1.0" encoding="UTF-8"?>
<!-- Generated by org.testng.reporters.JUnitReportReporter -->
<testsuite skipped="0" hostname="IMCBBCP54-BLL" name="postRequest" tests="1" failures="0" timestamp="2022-04-22T11:51:14 IST" time="3.064" errors="0">
  <testcase name="postTest_01" time="3.064" classname="postRequest"/>
  <system-out/>
</testsuite> <!-- postRequest -->
